<?xml version="1.0" encoding="UTF-8"?>
<testsuite xmlns:xsi="http://www.w3.org/2001/XMLSchema-instance" xsi:noNamespaceSchemaLocation="https://maven.apache.org/surefire/maven-surefire-plugin/xsd/surefire-test-report-3.0.xsd" version="3.0" name="BonusServiceTest" time="0.022" tests="6" errors="0" skipped="0" failures="0">
  <properties>
[...]
</properties>
  <testcase name="shouldCalculateForRegisteredAndOverLimit" classname="BonusServiceTest" time="0.009"/>
  <testcase name="shouldCalculateForNotRegisteredAndZeroAmount" classname="BonusServiceTest" time="0.0"/>
  <testcase name="shouldCalculateForNotRegisteredAndUnderLimit" classname="BonusServiceTest" time="0.0"/>
  <testcase name="shouldCalculateForRegisteredAndZeroAmount" classname="BonusServiceTest" time="0.001"/>
  <testcase name="shouldCalculateForNotRegisteredAndOverLimit" classname="BonusServiceTest" time="0.001"/>
  <testcase name="shouldCalculateForRegisteredAndUnderLimit" classname="BonusServiceTest" time="0.001"/>
</testsuite>